<?xml version="1.0" encoding="UTF-8"?>
<!-- Generated by org.testng.reporters.JUnitXMLReporter -->
<testsuite ignored="1" hostname="DESKTOP-KQ68TN4" failures="0" tests="2" name="Test" time="0.136" errors="0" timestamp="2023-08-28T17:15:40 IST">
  <testcase classname="pomScript.Group1" name="test1" time="0.019"/>
  <testcase classname="pomScript.Group1" name="test2" time="0.004"/>
  <testcase classname="pomScript.Group1" name="test3" time="0.0">
    <ignored/>
  </testcase> <!-- test3 -->
</testsuite> <!-- Test -->
