<?xml version="1.0" encoding="UTF-8"?>
<testng-results ignored="0" total="1" passed="1" failed="0" skipped="0">
  <reporter-output>
  </reporter-output>
  <suite started-at="2023-08-29T20:24:06 IST" name="Default suite" finished-at="2023-08-29T20:24:39 IST" duration-ms="32398">
    <groups>
    </groups>
    <test started-at="2023-08-29T20:24:06 IST" name="Default test" finished-at="2023-08-29T20:24:39 IST" duration-ms="32398">
      <class name="testRunnerscript.TestRunnerScrippt">
        <test-method is-config="true" signature="openApplin()[pri:0, instance:testRunnerscript.TestRunnerScrippt@6e6d5d29]" started-at="2023-08-29T20:24:07 IST" name="openApplin" finished-at="2023-08-29T20:24:26 IST" duration-ms="19136" status="PASS">
          <reporter-output>
          </reporter-output>
        </test-method> <!-- openApplin -->
        <test-method signature="search()[pri:0, instance:testRunnerscript.TestRunnerScrippt@6e6d5d29]" started-at="2023-08-29T20:24:26 IST" name="search" finished-at="2023-08-29T20:24:36 IST" duration-ms="9945" status="PASS">
          <reporter-output>
          </reporter-output>
        </test-method> <!-- search -->
        <test-method is-config="true" signature="closeAppln()[pri:0, instance:testRunnerscript.TestRunnerScrippt@6e6d5d29]" started-at="2023-08-29T20:24:36 IST" name="closeAppln" finished-at="2023-08-29T20:24:39 IST" duration-ms="3136" status="PASS">
          <reporter-output>
          </reporter-output>
        </test-method> <!-- closeAppln -->
      </class> <!-- testRunnerscript.TestRunnerScrippt -->
    </test> <!-- Default test -->
  </suite> <!-- Default suite -->
</testng-results>
